  Axis.cpp
  callbacks.cpp
  Car.cpp
  ExplosionForceGenerator.cpp
  ForceGenerator.cpp
  ForceRegistry.cpp
  globals.cpp
  GravityForceGenerator.cpp
  main.cpp
  Particle.cpp
  ParticleGenerator.cpp
  RenderUtils.cpp
  Camera.cpp
  Render.cpp
  RigidBody.cpp
  RigidBodyPhysX.cpp
  RigidBodyPhysXStatic.cpp
  SpringForceGenerator.cpp
  Vector2D.cpp
  Vector3D.cpp
  VortexForceGenerator.cpp
  WindForceGenerator.cpp
C:\Users\alvel\Documents\GitHub\SimulacionFisicaVideojuegos\skeleton\Render\Camera.cpp(88,19): warning C5219: conversión implícita de "int" a "float"; posible pérdida de datos
C:\Users\alvel\Documents\GitHub\SimulacionFisicaVideojuegos\skeleton\Render\Camera.cpp(90,19): warning C5219: conversión implícita de "int" a "float"; posible pérdida de datos
C:\Users\alvel\Documents\GitHub\SimulacionFisicaVideojuegos\common\PhysX-3.4\PxShared\include\task\PxTask.h(326,19): warning C5220: "physx::PxLightCpuTask::mRefCount": un miembro de datos no estático con un tipo calificado volátil ya no implica
C:\Users\alvel\Documents\GitHub\SimulacionFisicaVideojuegos\common\PhysX-3.4\PxShared\include\task\PxTask.h(326,19): warning C5220:          que los constructores de copia/movimiento generados por el compilador y los operadores de asignación de copia o movimiento no sean triviales
  (compilando archivo de origen "ExplosionForceGenerator.cpp")
      C:\Users\alvel\Documents\GitHub\SimulacionFisicaVideojuegos\common\PhysX-3.4\PxShared\include\task\PxTask.h(326,19):
      vea la declaración de 'physx::PxLightCpuTask::mRefCount'
  
C:\Users\alvel\Documents\GitHub\SimulacionFisicaVideojuegos\common\PhysX-3.4\PxShared\include\task\PxTask.h(326,19): warning C5220: "physx::PxLightCpuTask::mRefCount": un miembro de datos no estático con un tipo calificado volátil ya no implica
C:\Users\alvel\Documents\GitHub\SimulacionFisicaVideojuegos\common\PhysX-3.4\PxShared\include\task\PxTask.h(326,19): warning C5220:          que los constructores de copia/movimiento generados por el compilador y los operadores de asignación de copia o movimiento no sean triviales
  (compilando archivo de origen "SpringForceGenerator.cpp")
      C:\Users\alvel\Documents\GitHub\SimulacionFisicaVideojuegos\common\PhysX-3.4\PxShared\include\task\PxTask.h(326,19):
      vea la declaración de 'physx::PxLightCpuTask::mRefCount'
  
C:\Users\alvel\Documents\GitHub\SimulacionFisicaVideojuegos\common\PhysX-3.4\PxShared\include\task\PxTask.h(326,19): warning C5220: "physx::PxLightCpuTask::mRefCount": un miembro de datos no estático con un tipo calificado volátil ya no implica
C:\Users\alvel\Documents\GitHub\SimulacionFisicaVideojuegos\common\PhysX-3.4\PxShared\include\task\PxTask.h(326,19): warning C5220:          que los constructores de copia/movimiento generados por el compilador y los operadores de asignación de copia o movimiento no sean triviales
  (compilando archivo de origen "Car.cpp")
      C:\Users\alvel\Documents\GitHub\SimulacionFisicaVideojuegos\common\PhysX-3.4\PxShared\include\task\PxTask.h(326,19):
      vea la declaración de 'physx::PxLightCpuTask::mRefCount'
  
C:\Users\alvel\Documents\GitHub\SimulacionFisicaVideojuegos\common\PhysX-3.4\PxShared\include\task\PxTask.h(326,19): warning C5220: "physx::PxLightCpuTask::mRefCount": un miembro de datos no estático con un tipo calificado volátil ya no implica
C:\Users\alvel\Documents\GitHub\SimulacionFisicaVideojuegos\common\PhysX-3.4\PxShared\include\task\PxTask.h(326,19): warning C5220:          que los constructores de copia/movimiento generados por el compilador y los operadores de asignación de copia o movimiento no sean triviales
  (compilando archivo de origen "RigidBody.cpp")
      C:\Users\alvel\Documents\GitHub\SimulacionFisicaVideojuegos\common\PhysX-3.4\PxShared\include\task\PxTask.h(326,19):
      vea la declaración de 'physx::PxLightCpuTask::mRefCount'
  
C:\Users\alvel\Documents\GitHub\SimulacionFisicaVideojuegos\common\PhysX-3.4\PxShared\include\task\PxTask.h(326,19): warning C5220: "physx::PxLightCpuTask::mRefCount": un miembro de datos no estático con un tipo calificado volátil ya no implica
C:\Users\alvel\Documents\GitHub\SimulacionFisicaVideojuegos\common\PhysX-3.4\PxShared\include\task\PxTask.h(326,19): warning C5220:          que los constructores de copia/movimiento generados por el compilador y los operadores de asignación de copia o movimiento no sean triviales
  (compilando archivo de origen "RigidBodyPhysX.cpp")
      C:\Users\alvel\Documents\GitHub\SimulacionFisicaVideojuegos\common\PhysX-3.4\PxShared\include\task\PxTask.h(326,19):
      vea la declaración de 'physx::PxLightCpuTask::mRefCount'
  
C:\Users\alvel\Documents\GitHub\SimulacionFisicaVideojuegos\common\PhysX-3.4\PxShared\include\task\PxTask.h(326,19): warning C5220: "physx::PxLightCpuTask::mRefCount": un miembro de datos no estático con un tipo calificado volátil ya no implica
C:\Users\alvel\Documents\GitHub\SimulacionFisicaVideojuegos\common\PhysX-3.4\PxShared\include\task\PxTask.h(326,19): warning C5220:          que los constructores de copia/movimiento generados por el compilador y los operadores de asignación de copia o movimiento no sean triviales
  (compilando archivo de origen "Particle.cpp")
      C:\Users\alvel\Documents\GitHub\SimulacionFisicaVideojuegos\common\PhysX-3.4\PxShared\include\task\PxTask.h(326,19):
      vea la declaración de 'physx::PxLightCpuTask::mRefCount'
  
C:\Users\alvel\Documents\GitHub\SimulacionFisicaVideojuegos\common\PhysX-3.4\PxShared\include\task\PxTask.h(326,19): warning C5220: "physx::PxLightCpuTask::mRefCount": un miembro de datos no estático con un tipo calificado volátil ya no implica
C:\Users\alvel\Documents\GitHub\SimulacionFisicaVideojuegos\common\PhysX-3.4\PxShared\include\task\PxTask.h(326,19): warning C5220:          que los constructores de copia/movimiento generados por el compilador y los operadores de asignación de copia o movimiento no sean triviales
  (compilando archivo de origen "Axis.cpp")
      C:\Users\alvel\Documents\GitHub\SimulacionFisicaVideojuegos\common\PhysX-3.4\PxShared\include\task\PxTask.h(326,19):
      vea la declaración de 'physx::PxLightCpuTask::mRefCount'
  
C:\Users\alvel\Documents\GitHub\SimulacionFisicaVideojuegos\common\PhysX-3.4\PxShared\include\task\PxTask.h(326,19): warning C5220: "physx::PxLightCpuTask::mRefCount": un miembro de datos no estático con un tipo calificado volátil ya no implica
C:\Users\alvel\Documents\GitHub\SimulacionFisicaVideojuegos\common\PhysX-3.4\PxShared\include\task\PxTask.h(326,19): warning C5220:          que los constructores de copia/movimiento generados por el compilador y los operadores de asignación de copia o movimiento no sean triviales
  (compilando archivo de origen "Vector3D.cpp")
      C:\Users\alvel\Documents\GitHub\SimulacionFisicaVideojuegos\common\PhysX-3.4\PxShared\include\task\PxTask.h(326,19):
      vea la declaración de 'physx::PxLightCpuTask::mRefCount'
  
C:\Users\alvel\Documents\GitHub\SimulacionFisicaVideojuegos\common\PhysX-3.4\PxShared\include\task\PxTask.h(326,19): warning C5220: "physx::PxLightCpuTask::mRefCount": un miembro de datos no estático con un tipo calificado volátil ya no implica
C:\Users\alvel\Documents\GitHub\SimulacionFisicaVideojuegos\common\PhysX-3.4\PxShared\include\task\PxTask.h(326,19): warning C5220:          que los constructores de copia/movimiento generados por el compilador y los operadores de asignación de copia o movimiento no sean triviales
  (compilando archivo de origen "RigidBodyPhysXStatic.cpp")
      C:\Users\alvel\Documents\GitHub\SimulacionFisicaVideojuegos\common\PhysX-3.4\PxShared\include\task\PxTask.h(326,19):
      vea la declaración de 'physx::PxLightCpuTask::mRefCount'
  
C:\Users\alvel\Documents\GitHub\SimulacionFisicaVideojuegos\common\PhysX-3.4\PxShared\include\task\PxTask.h(326,19): warning C5220: "physx::PxLightCpuTask::mRefCount": un miembro de datos no estático con un tipo calificado volátil ya no implica
C:\Users\alvel\Documents\GitHub\SimulacionFisicaVideojuegos\common\PhysX-3.4\PxShared\include\task\PxTask.h(326,19): warning C5220:          que los constructores de copia/movimiento generados por el compilador y los operadores de asignación de copia o movimiento no sean triviales
  (compilando archivo de origen "Render/Render.cpp")
      C:\Users\alvel\Documents\GitHub\SimulacionFisicaVideojuegos\common\PhysX-3.4\PxShared\include\task\PxTask.h(326,19):
      vea la declaración de 'physx::PxLightCpuTask::mRefCount'
  
C:\Users\alvel\Documents\GitHub\SimulacionFisicaVideojuegos\common\PhysX-3.4\PxShared\include\task\PxTask.h(326,19): warning C5220: "physx::PxLightCpuTask::mRefCount": un miembro de datos no estático con un tipo calificado volátil ya no implica
C:\Users\alvel\Documents\GitHub\SimulacionFisicaVideojuegos\common\PhysX-3.4\PxShared\include\task\PxTask.h(326,19): warning C5220:          que los constructores de copia/movimiento generados por el compilador y los operadores de asignación de copia o movimiento no sean triviales
  (compilando archivo de origen "Vector2D.cpp")
      C:\Users\alvel\Documents\GitHub\SimulacionFisicaVideojuegos\common\PhysX-3.4\PxShared\include\task\PxTask.h(326,19):
      vea la declaración de 'physx::PxLightCpuTask::mRefCount'
  
C:\Users\alvel\Documents\GitHub\SimulacionFisicaVideojuegos\common\PhysX-3.4\PxShared\include\task\PxTask.h(326,19): warning C5220: "physx::PxLightCpuTask::mRefCount": un miembro de datos no estático con un tipo calificado volátil ya no implica
C:\Users\alvel\Documents\GitHub\SimulacionFisicaVideojuegos\common\PhysX-3.4\PxShared\include\task\PxTask.h(326,19): warning C5220:          que los constructores de copia/movimiento generados por el compilador y los operadores de asignación de copia o movimiento no sean triviales
  (compilando archivo de origen "main.cpp")
      C:\Users\alvel\Documents\GitHub\SimulacionFisicaVideojuegos\common\PhysX-3.4\PxShared\include\task\PxTask.h(326,19):
      vea la declaración de 'physx::PxLightCpuTask::mRefCount'
  
C:\Users\alvel\Documents\GitHub\SimulacionFisicaVideojuegos\common\PhysX-3.4\PxShared\include\task\PxTask.h(326,19): warning C5220: "physx::PxLightCpuTask::mRefCount": un miembro de datos no estático con un tipo calificado volátil ya no implica
C:\Users\alvel\Documents\GitHub\SimulacionFisicaVideojuegos\common\PhysX-3.4\PxShared\include\task\PxTask.h(326,19): warning C5220:          que los constructores de copia/movimiento generados por el compilador y los operadores de asignación de copia o movimiento no sean triviales
  (compilando archivo de origen "GravityForceGenerator.cpp")
      C:\Users\alvel\Documents\GitHub\SimulacionFisicaVideojuegos\common\PhysX-3.4\PxShared\include\task\PxTask.h(326,19):
      vea la declaración de 'physx::PxLightCpuTask::mRefCount'
  
C:\Users\alvel\Documents\GitHub\SimulacionFisicaVideojuegos\common\PhysX-3.4\PxShared\include\task\PxTask.h(326,19): warning C5220: "physx::PxLightCpuTask::mRefCount": un miembro de datos no estático con un tipo calificado volátil ya no implica
C:\Users\alvel\Documents\GitHub\SimulacionFisicaVideojuegos\common\PhysX-3.4\PxShared\include\task\PxTask.h(326,19): warning C5220:          que los constructores de copia/movimiento generados por el compilador y los operadores de asignación de copia o movimiento no sean triviales
  (compilando archivo de origen "VortexForceGenerator.cpp")
      C:\Users\alvel\Documents\GitHub\SimulacionFisicaVideojuegos\common\PhysX-3.4\PxShared\include\task\PxTask.h(326,19):
      vea la declaración de 'physx::PxLightCpuTask::mRefCount'
  
C:\Users\alvel\Documents\GitHub\SimulacionFisicaVideojuegos\common\PhysX-3.4\PxShared\include\task\PxTask.h(326,19): warning C5220: "physx::PxLightCpuTask::mRefCount": un miembro de datos no estático con un tipo calificado volátil ya no implica
C:\Users\alvel\Documents\GitHub\SimulacionFisicaVideojuegos\common\PhysX-3.4\PxShared\include\task\PxTask.h(326,19): warning C5220:          que los constructores de copia/movimiento generados por el compilador y los operadores de asignación de copia o movimiento no sean triviales
  (compilando archivo de origen "callbacks.cpp")
      C:\Users\alvel\Documents\GitHub\SimulacionFisicaVideojuegos\common\PhysX-3.4\PxShared\include\task\PxTask.h(326,19):
      vea la declaración de 'physx::PxLightCpuTask::mRefCount'
  
C:\Users\alvel\Documents\GitHub\SimulacionFisicaVideojuegos\common\PhysX-3.4\PxShared\include\task\PxTask.h(326,19): warning C5220: "physx::PxLightCpuTask::mRefCount": un miembro de datos no estático con un tipo calificado volátil ya no implica
C:\Users\alvel\Documents\GitHub\SimulacionFisicaVideojuegos\common\PhysX-3.4\PxShared\include\task\PxTask.h(326,19): warning C5220:          que los constructores de copia/movimiento generados por el compilador y los operadores de asignación de copia o movimiento no sean triviales
  (compilando archivo de origen "WindForceGenerator.cpp")
      C:\Users\alvel\Documents\GitHub\SimulacionFisicaVideojuegos\common\PhysX-3.4\PxShared\include\task\PxTask.h(326,19):
      vea la declaración de 'physx::PxLightCpuTask::mRefCount'
  
C:\Users\alvel\Documents\GitHub\SimulacionFisicaVideojuegos\common\PhysX-3.4\PxShared\include\task\PxTask.h(326,19): warning C5220: "physx::PxLightCpuTask::mRefCount": un miembro de datos no estático con un tipo calificado volátil ya no implica
C:\Users\alvel\Documents\GitHub\SimulacionFisicaVideojuegos\common\PhysX-3.4\PxShared\include\task\PxTask.h(326,19): warning C5220:          que los constructores de copia/movimiento generados por el compilador y los operadores de asignación de copia o movimiento no sean triviales
  (compilando archivo de origen "RenderUtils.cpp")
      C:\Users\alvel\Documents\GitHub\SimulacionFisicaVideojuegos\common\PhysX-3.4\PxShared\include\task\PxTask.h(326,19):
      vea la declaración de 'physx::PxLightCpuTask::mRefCount'
  
C:\Users\alvel\Documents\GitHub\SimulacionFisicaVideojuegos\skeleton\RigidBodyPhysX.cpp(20,55): warning C4244: 'argumento': conversión de 'double' a 'float'; posible pérdida de datos
C:\Users\alvel\Documents\GitHub\SimulacionFisicaVideojuegos\skeleton\RigidBodyPhysX.cpp(20,45): warning C4244: 'argumento': conversión de 'double' a 'float'; posible pérdida de datos
C:\Users\alvel\Documents\GitHub\SimulacionFisicaVideojuegos\skeleton\RigidBodyPhysX.cpp(20,35): warning C4244: 'argumento': conversión de 'double' a 'float'; posible pérdida de datos
C:\Users\alvel\Documents\GitHub\SimulacionFisicaVideojuegos\skeleton\Vector3D.h(13,3): warning C5267: la definición de constructor de copia implícita para 'Vector3D' está en desuso porque tiene un destructor proporcionado por el usuario
  (compilando archivo de origen "GravityForceGenerator.cpp")
      C:\Users\alvel\Documents\GitHub\SimulacionFisicaVideojuegos\skeleton\GravityForceGenerator.cpp(3,62):
      el constructor de copia implícito para 'Vector3D' se requiere primero aquí
  
C:\Users\alvel\Documents\GitHub\SimulacionFisicaVideojuegos\skeleton\GravityForceGenerator.cpp(12,56): warning C4100: 'dt': parámetro sin referencia
C:\Users\alvel\Documents\GitHub\SimulacionFisicaVideojuegos\skeleton\Vector3D.h(13,3): warning C5267: la definición de constructor de copia implícita para 'Vector3D' está en desuso porque tiene un destructor proporcionado por el usuario
  (compilando archivo de origen "ExplosionForceGenerator.cpp")
      C:\Users\alvel\Documents\GitHub\SimulacionFisicaVideojuegos\skeleton\ExplosionForceGenerator.cpp(9,14):
      el constructor de copia implícito para 'Vector3D' se requiere primero aquí
  
C:\Users\alvel\Documents\GitHub\SimulacionFisicaVideojuegos\skeleton\Vector3D.h(13,3): warning C5267: la definición de constructor de copia implícita para 'Vector3D' está en desuso porque tiene un destructor proporcionado por el usuario
  (compilando archivo de origen "WindForceGenerator.cpp")
      C:\Users\alvel\Documents\GitHub\SimulacionFisicaVideojuegos\skeleton\WindForceGenerator.h(25,90):
      el constructor de copia implícito para 'Vector3D' se requiere primero aquí
  
C:\Users\alvel\Documents\GitHub\SimulacionFisicaVideojuegos\skeleton\WindForceGenerator.h(25,45): warning C4100: 'pos': parámetro sin referencia
  (compilando archivo de origen "WindForceGenerator.cpp")
  
C:\Users\alvel\Documents\GitHub\SimulacionFisicaVideojuegos\skeleton\Vector3D.h(13,3): warning C5267: la definición de constructor de copia implícita para 'Vector3D' está en desuso porque tiene un destructor proporcionado por el usuario
  (compilando archivo de origen "VortexForceGenerator.cpp")
      C:\Users\alvel\Documents\GitHub\SimulacionFisicaVideojuegos\skeleton\WindForceGenerator.h(25,90):
      el constructor de copia implícito para 'Vector3D' se requiere primero aquí
  
C:\Users\alvel\Documents\GitHub\SimulacionFisicaVideojuegos\skeleton\WindForceGenerator.h(25,45): warning C4100: 'pos': parámetro sin referencia
  (compilando archivo de origen "VortexForceGenerator.cpp")
  
C:\Users\alvel\Documents\GitHub\SimulacionFisicaVideojuegos\common\PhysX-3.4\PxShared\include\task\PxTask.h(326,19): warning C5220: "physx::PxLightCpuTask::mRefCount": un miembro de datos no estático con un tipo calificado volátil ya no implica
C:\Users\alvel\Documents\GitHub\SimulacionFisicaVideojuegos\common\PhysX-3.4\PxShared\include\task\PxTask.h(326,19): warning C5220:          que los constructores de copia/movimiento generados por el compilador y los operadores de asignación de copia o movimiento no sean triviales
  (compilando archivo de origen "ForceRegistry.cpp")
      C:\Users\alvel\Documents\GitHub\SimulacionFisicaVideojuegos\common\PhysX-3.4\PxShared\include\task\PxTask.h(326,19):
      vea la declaración de 'physx::PxLightCpuTask::mRefCount'
  
C:\Users\alvel\Documents\GitHub\SimulacionFisicaVideojuegos\skeleton\ExplosionForceGenerator.cpp(30,1): warning C5045: El compilador insertará la mitigación de Spectre para la carga de memoria si se especificó el modificador /Qspectre
C:\Users\alvel\Documents\GitHub\SimulacionFisicaVideojuegos\skeleton\ExplosionForceGenerator.cpp(30,1): warning C5045: C:\Users\alvel\Documents\GitHub\SimulacionFisicaVideojuegos\skeleton\ExplosionForceGenerator.cpp(24) : nota: el intervalo "dist" del índice se comprobó por comparación en esta línea
C:\Users\alvel\Documents\GitHub\SimulacionFisicaVideojuegos\skeleton\ExplosionForceGenerator.cpp(30,1): warning C5045: C:\Users\alvel\Documents\GitHub\SimulacionFisicaVideojuegos\skeleton\ExplosionForceGenerator.cpp(30) : nota: suministra la llamada en esta línea
C:\Users\alvel\Documents\GitHub\SimulacionFisicaVideojuegos\skeleton\VortexForceGenerator.cpp(31,1): warning C5045: El compilador insertará la mitigación de Spectre para la carga de memoria si se especificó el modificador /Qspectre
C:\Users\alvel\Documents\GitHub\SimulacionFisicaVideojuegos\skeleton\VortexForceGenerator.cpp(31,1): warning C5045: C:\Users\alvel\Documents\GitHub\SimulacionFisicaVideojuegos\skeleton\VortexForceGenerator.cpp(24) : nota: el intervalo "d" del índice se comprobó por comparación en esta línea
C:\Users\alvel\Documents\GitHub\SimulacionFisicaVideojuegos\skeleton\VortexForceGenerator.cpp(31,1): warning C5045: C:\Users\alvel\Documents\GitHub\SimulacionFisicaVideojuegos\skeleton\VortexForceGenerator.cpp(31) : nota: suministra la llamada en esta línea
C:\Users\alvel\Documents\GitHub\SimulacionFisicaVideojuegos\skeleton\WindForceGenerator.cpp(18,1): warning C5045: El compilador insertará la mitigación de Spectre para la carga de memoria si se especificó el modificador /Qspectre
C:\Users\alvel\Documents\GitHub\SimulacionFisicaVideojuegos\skeleton\WindForceGenerator.cpp(18,1): warning C5045: C:\Users\alvel\Documents\GitHub\SimulacionFisicaVideojuegos\skeleton\WindForceGenerator.cpp(18) : nota: el intervalo "" del índice se comprobó por comparación en esta línea
C:\Users\alvel\Documents\GitHub\SimulacionFisicaVideojuegos\skeleton\WindForceGenerator.cpp(18,1): warning C5045: C:\Users\alvel\Documents\GitHub\SimulacionFisicaVideojuegos\skeleton\WindForceGenerator.cpp(18) : nota: suministra la llamada en esta línea
C:\Users\alvel\Documents\GitHub\SimulacionFisicaVideojuegos\skeleton\Vector3D.h(13,3): warning C5267: la definición de constructor de copia implícita para 'Vector3D' está en desuso porque tiene un destructor proporcionado por el usuario
  (compilando archivo de origen "RigidBodyPhysXStatic.cpp")
      C:\Users\alvel\Documents\GitHub\SimulacionFisicaVideojuegos\skeleton\RigidBodyPhysXStatic.cpp(24,5):
      el constructor de copia implícito para 'Vector3D' se requiere primero aquí
  
C:\Users\alvel\Documents\GitHub\SimulacionFisicaVideojuegos\common\PhysX-3.4\PxShared\include\task\PxTask.h(326,19): warning C5220: "physx::PxLightCpuTask::mRefCount": un miembro de datos no estático con un tipo calificado volátil ya no implica
C:\Users\alvel\Documents\GitHub\SimulacionFisicaVideojuegos\common\PhysX-3.4\PxShared\include\task\PxTask.h(326,19): warning C5220:          que los constructores de copia/movimiento generados por el compilador y los operadores de asignación de copia o movimiento no sean triviales
  (compilando archivo de origen "ParticleGenerator.cpp")
      C:\Users\alvel\Documents\GitHub\SimulacionFisicaVideojuegos\common\PhysX-3.4\PxShared\include\task\PxTask.h(326,19):
      vea la declaración de 'physx::PxLightCpuTask::mRefCount'
  
C:\Users\alvel\Documents\GitHub\SimulacionFisicaVideojuegos\skeleton\Vector3D.h(13,3): warning C5267: la definición de constructor de copia implícita para 'Vector3D' está en desuso porque tiene un destructor proporcionado por el usuario
  (compilando archivo de origen "ParticleGenerator.cpp")
      C:\Users\alvel\Documents\GitHub\SimulacionFisicaVideojuegos\skeleton\ParticleGenerator.h(57,35):
      el constructor de copia implícito para 'Vector3D' se requiere primero aquí
  
C:\Users\alvel\Documents\GitHub\SimulacionFisicaVideojuegos\skeleton\Render\Render.cpp(398,13): warning C4267: 'inicializando': conversión de 'size_t' a 'int'; posible pérdida de datos
C:\Users\alvel\Documents\GitHub\SimulacionFisicaVideojuegos\skeleton\RenderUtils.cpp(50,32): warning C4100: 'y': parámetro sin referencia
C:\Users\alvel\Documents\GitHub\SimulacionFisicaVideojuegos\skeleton\RenderUtils.cpp(50,25): warning C4100: 'x': parámetro sin referencia
C:\Users\alvel\Documents\GitHub\SimulacionFisicaVideojuegos\skeleton\RenderUtils.cpp(55,53): warning C4100: 'y': parámetro sin referencia
C:\Users\alvel\Documents\GitHub\SimulacionFisicaVideojuegos\skeleton\RenderUtils.cpp(55,46): warning C4100: 'x': parámetro sin referencia
C:\Users\alvel\Documents\GitHub\SimulacionFisicaVideojuegos\skeleton\RenderUtils.cpp(64,54): warning C4100: 'y': parámetro sin referencia
C:\Users\alvel\Documents\GitHub\SimulacionFisicaVideojuegos\skeleton\RenderUtils.cpp(64,47): warning C4100: 'x': parámetro sin referencia
C:\Users\alvel\Documents\GitHub\SimulacionFisicaVideojuegos\skeleton\RenderUtils.cpp(64,36): warning C4100: 'state': parámetro sin referencia
C:\Users\alvel\Documents\GitHub\SimulacionFisicaVideojuegos\skeleton\RenderUtils.cpp(64,24): warning C4100: 'button': parámetro sin referencia
C:\Users\alvel\Documents\GitHub\SimulacionFisicaVideojuegos\skeleton\Vector3D.h(13,3): warning C5267: la definición de constructor de copia implícita para 'Vector3D' está en desuso porque tiene un destructor proporcionado por el usuario
  (compilando archivo de origen "Particle.cpp")
      C:\Users\alvel\Documents\GitHub\SimulacionFisicaVideojuegos\skeleton\Particle.h(28,33):
      el constructor de copia implícito para 'Vector3D' se requiere primero aquí
  
C:\Users\alvel\Documents\GitHub\SimulacionFisicaVideojuegos\skeleton\Render\Render.cpp(136,1): warning C5045: El compilador insertará la mitigación de Spectre para la carga de memoria si se especificó el modificador /Qspectre
C:\Users\alvel\Documents\GitHub\SimulacionFisicaVideojuegos\skeleton\Render\Render.cpp(136,1): warning C5045: C:\Users\alvel\Documents\GitHub\SimulacionFisicaVideojuegos\skeleton\Render\Render.cpp(121) : nota: el intervalo "nbPolys" del índice se comprobó por comparación en esta línea
C:\Users\alvel\Documents\GitHub\SimulacionFisicaVideojuegos\skeleton\Render\Render.cpp(136,1): warning C5045: C:\Users\alvel\Documents\GitHub\SimulacionFisicaVideojuegos\common\PhysX-3.4\PxShared\include\foundation\PxVec3.h(105) : nota: suministra la carga de memoria en esta línea
C:\Users\alvel\Documents\GitHub\SimulacionFisicaVideojuegos\skeleton\Car.cpp(25,15): warning C4100: 'queryFlags': parámetro sin referencia
C:\Users\alvel\Documents\GitHub\SimulacionFisicaVideojuegos\skeleton\Car.cpp(23,18): warning C4100: 'shape': parámetro sin referencia
C:\Users\alvel\Documents\GitHub\SimulacionFisicaVideojuegos\skeleton\Car.cpp(22,23): warning C4100: 'filterData': parámetro sin referencia
C:\Users\alvel\Documents\GitHub\SimulacionFisicaVideojuegos\skeleton\Car.cpp(31,92): warning C4100: 'hit': parámetro sin referencia
C:\Users\alvel\Documents\GitHub\SimulacionFisicaVideojuegos\skeleton\Car.cpp(31,62): warning C4100: 'filterData': parámetro sin referencia
C:\Users\alvel\Documents\GitHub\SimulacionFisicaVideojuegos\skeleton\Car.cpp(142,7): warning C4189: 'doDebug': la variable local se ha inicializado pero no se hace referencia a ella
C:\Users\alvel\Documents\GitHub\SimulacionFisicaVideojuegos\skeleton\Vector3D.h(13,3): warning C5267: la definición de constructor de copia implícita para 'Vector3D' está en desuso porque tiene un destructor proporcionado por el usuario
  (compilando archivo de origen "main.cpp")
      C:\Users\alvel\Documents\GitHub\SimulacionFisicaVideojuegos\skeleton\ParticleGenerator.h(57,35):
      el constructor de copia implícito para 'Vector3D' se requiere primero aquí
  
C:\Users\alvel\Documents\GitHub\SimulacionFisicaVideojuegos\skeleton\WindForceGenerator.h(25,45): warning C4100: 'pos': parámetro sin referencia
  (compilando archivo de origen "main.cpp")
  
C:\Users\alvel\Documents\GitHub\SimulacionFisicaVideojuegos\skeleton\Vector2D.h(10,6): warning C5267: la definición de constructor de copia implícita para 'Vector2D' está en desuso porque tiene un destructor proporcionado por el usuario
  (compilando archivo de origen "main.cpp")
      C:\Users\alvel\Documents\GitHub\SimulacionFisicaVideojuegos\skeleton\main.cpp(102,62):
      el constructor de copia implícito para 'Vector2D' se requiere primero aquí
  
C:\Users\alvel\Documents\GitHub\SimulacionFisicaVideojuegos\skeleton\Vector2D.h(10,6): warning C5267: la definición de operador de asignaciones implícita para 'Vector2D' está en desuso porque tiene un destructor proporcionado por el usuario
  (compilando archivo de origen "main.cpp")
      C:\Users\alvel\Documents\GitHub\SimulacionFisicaVideojuegos\skeleton\main.cpp(116,14):
      el operador de asignaciones implícito para 'Vector2D' se requiere primero aquí
  
C:\Users\alvel\Documents\GitHub\SimulacionFisicaVideojuegos\skeleton\Vector2D.h(10,6): warning C5267: la definición de constructor de copia implícita para 'Vector2D' está en desuso porque tiene un destructor proporcionado por el usuario
  (compilando archivo de origen "ParticleGenerator.cpp")
      C:\Users\alvel\Documents\GitHub\SimulacionFisicaVideojuegos\skeleton\ParticleGenerator.cpp(10,19):
      el constructor de copia implícito para 'Vector2D' se requiere primero aquí
  
C:\Users\alvel\Documents\GitHub\SimulacionFisicaVideojuegos\skeleton\ParticleGenerator.cpp(14,7): warning C5038: miembro de datos "ParticleGenerator::speedNormal_" se inicializará después de miembro de datos "ParticleGenerator::spawnPos_"
C:\Users\alvel\Documents\GitHub\SimulacionFisicaVideojuegos\skeleton\ParticleGenerator.cpp(126,71): warning C4100: 'dt': parámetro sin referencia
C:\Users\alvel\Documents\GitHub\SimulacionFisicaVideojuegos\skeleton\ParticleGenerator.cpp(126,61): warning C4100: 'p': parámetro sin referencia
  game.vcxproj -> C:\Users\alvel\Documents\GitHub\SimulacionFisicaVideojuegos\bin\game.exe
